<?xml version="1.0" encoding="UTF-8"?>
<!-- Generated by org.testng.reporters.JUnitReportReporter -->
<testsuite hostname="Faisals-MacBook-Pro.local" name="TestNGPractice.day3" tests="6" failures="0" timestamp="5 Jan 2020 23:49:55 GMT" time="0.008" errors="0">
  <testcase name="webloginHomeLoan" time="0.001" classname="TestNGPractice.day3"/>
  <testcase name="timeout" time="0.006" classname="TestNGPractice.day3"/>
  <testcase name="loginAPICarLoan" time="0.001" classname="TestNGPractice.day3"/>
  <testcase name="loginAPIPersonalLoan" time="0.000" classname="TestNGPractice.day3"/>
  <testcase name="webloginHomeLoan" time="0.000" classname="TestNGPractice.day3"/>
  <testcase name="MobileLoginCarLoan" time="0.000" classname="TestNGPractice.day3"/>
</testsuite> <!-- TestNGPractice.day3 -->
