<?xml version="1.0" encoding="UTF-8"?>
<!-- Generated by org.testng.reporters.JUnitReportReporter -->
<testsuite hostname="Faisals-MacBook-Pro.local" name="SarjilJavaClass.Testng1" tests="4" failures="0" timestamp="12 Jan 2020 16:41:47 GMT" time="0.008" errors="0">
  <testcase name="prepareEmail" time="0.001" classname="SarjilJavaClass.Testng1"/>
  <testcase name="Login" time="0.001" classname="SarjilJavaClass.Testng1"/>
  <testcase name="FirstRegistration" time="0.005" classname="SarjilJavaClass.Testng1"/>
  <testcase name="signoff" time="0.001" classname="SarjilJavaClass.Testng1"/>
</testsuite> <!-- SarjilJavaClass.Testng1 -->
