<?xml version="1.0" encoding="UTF-8"?>
<!-- Generated by org.testng.reporters.JUnitReportReporter -->
<testsuite hostname="Faisals-MacBook-Pro.local" name="SarjilJavaClass.ActionItem01_16" tests="1" failures="0" timestamp="17 Jan 2020 13:47:27 GMT" time="5.321" errors="0">
  <testcase name="calValue" time="5.321" classname="SarjilJavaClass.ActionItem01_16"/>
</testsuite> <!-- SarjilJavaClass.ActionItem01_16 -->
