<?xml version="1.0" encoding="UTF-8"?>
<!-- Generated by org.testng.reporters.JUnitReportReporter -->
<testsuite hostname="Faisals-MacBook-Pro.local" name="TestNGPractice.day2" tests="1" failures="0" timestamp="5 Jan 2020 23:49:55 GMT" time="0.009" errors="0">
  <testcase name="webloginHomeLoan" time="0.009" classname="TestNGPractice.day2"/>
</testsuite> <!-- TestNGPractice.day2 -->
