<?xml version="1.0" encoding="UTF-8"?>
<!-- Generated by org.testng.reporters.JUnitReportReporter -->
<testsuite hostname="Faisals-MacBook-Pro.local" name="TestNGPractice.Annot2" tests="1" failures="0" timestamp="6 Jan 2020 02:44:05 GMT" time="0.007" errors="0">
  <testcase name="Login" time="0.007" classname="TestNGPractice.Annot2"/>
</testsuite> <!-- TestNGPractice.Annot2 -->
