<?xml version="1.0" encoding="UTF-8"?>
<!-- Generated by org.testng.reporters.JUnitReportReporter -->
<testsuite hostname="Faisals-MacBook-Pro.local" name="SarjilJavaClass.TestngClassPractice" tests="5" failures="0" timestamp="12 Jan 2020 17:04:09 GMT" time="0.007" errors="0">
  <testcase name="signIn" time="0.001" classname="SarjilJavaClass.TestngClassPractice"/>
  <testcase name="signOut" time="0.001" classname="SarjilJavaClass.TestngClassPractice"/>
  <testcase name="sendEmail" time="0.001" classname="SarjilJavaClass.TestngClassPractice"/>
  <testcase name="changeDOB" time="0.003" classname="SarjilJavaClass.TestngClassPractice"/>
  <testcase name="changeSchool" time="0.001" classname="SarjilJavaClass.TestngClassPractice"/>
</testsuite> <!-- SarjilJavaClass.TestngClassPractice -->
