<?xml version="1.0" encoding="UTF-8"?>
<!-- Generated by org.testng.reporters.JUnitReportReporter -->
<testsuite hostname="Faisals-MacBook-Pro.local" name="TestNGPractice.ClearTripHomePage" tests="2" failures="0" timestamp="3 Jan 2020 21:37:56 GMT" time="3.528" errors="0">
  <testcase name="validate" time="0.011" classname="TestNGPractice.ClearTripHomePage"/>
  <testcase name="URL" time="3.517" classname="TestNGPractice.ClearTripHomePage"/>
</testsuite> <!-- TestNGPractice.ClearTripHomePage -->
